%!Adobe-FontList 1.20
%Locale:0x409

%BeginFont
Handler:DirectoryHandler
FontType:TrueType
FontName:Oswald-Bold
FamilyName:Oswald
StyleName:Bold
MenuName:Oswald
StyleBits:2
WeightClass:700
WidthClass:5
AngleClass:0
FullName:Oswald Bold
WritingScript:Roman
OutlineFileName:/Users/cessnara18/Documents/GitHub/Second-Level-pages/indesign files/18-854 About Us Second Level Page/Document fonts/Oswald-Bold.ttf
DataFormat:sfntData
hasSVG:no
VariableFontType:NonVariableFont
FileLength:91512
FileModTime:563988879
NameArray:0,Mac,4,Oswald Bold
NameArray:0,Win,1,Oswald
%EndFont

%BeginFont
Handler:DirectoryHandler
FontType:TrueType
FontName:Oswald-Medium
FamilyName:Oswald
StyleName:Medium
MenuName:Oswald Medium
StyleBits:0
WeightClass:500
WidthClass:5
AngleClass:0
FullName:Oswald Medium
WritingScript:Roman
OutlineFileName:/Users/cessnara18/Documents/GitHub/Second-Level-pages/indesign files/18-854 About Us Second Level Page/Document fonts/Oswald-Medium.ttf
DataFormat:sfntData
hasSVG:no
VariableFontType:NonVariableFont
FileLength:91300
FileModTime:563988879
NameArray:0,Mac,4,Oswald Medium
NameArray:0,Win,1,Oswald Medium
NameArray:0,Win,16,Oswald
%EndFont

%BeginFont
Handler:DirectoryHandler
FontType:TrueType
FontName:Oswald-Regular
FamilyName:Oswald
StyleName:Regular
MenuName:Oswald
StyleBits:0
WeightClass:400
WidthClass:5
AngleClass:0
FullName:Oswald Regular
WritingScript:Roman
OutlineFileName:/Users/cessnara18/Documents/GitHub/Second-Level-pages/indesign files/18-854 About Us Second Level Page/Document fonts/Oswald-Regular.ttf
DataFormat:sfntData
hasSVG:no
VariableFontType:NonVariableFont
FileLength:90752
FileModTime:563988879
NameArray:0,Mac,4,Oswald Regular
NameArray:0,Win,1,Oswald
%EndFont

%BeginFont
Handler:DirectoryHandler
FontType:TrueType
FontName:ArialMT
FamilyName:Arial
StyleName:Regular
MenuName:Arial
StyleBits:0
WeightClass:400
WidthClass:5
AngleClass:0
FullName:Arial
WritingScript:Roman
OutlineFileName:/Users/cessnara18/Documents/GitHub/Second-Level-pages/indesign files/18-854 About Us Second Level Page/Document fonts/Arial.ttf
DataFormat:sfntData
hasSVG:no
VariableFontType:NonVariableFont
FileLength:774476
FileModTime:563988879
NameArray:0,Mac,4,Arial
NameArray:0,Win,1,Arial
%EndFont

%BeginFont
Handler:DirectoryHandler
FontType:TrueType
FontName:PlayfairDisplay-Regular
FamilyName:Playfair Display
StyleName:Regular
MenuName:Playfair Display
StyleBits:0
WeightClass:400
WidthClass:5
AngleClass:0
FullName:Playfair Display
WritingScript:Roman
OutlineFileName:/Users/cessnara18/Documents/GitHub/Second-Level-pages/indesign files/18-854 About Us Second Level Page/Document fonts/PlayfairDisplay-Regular.ttf
DataFormat:sfntData
hasSVG:no
VariableFontType:NonVariableFont
FileLength:186856
FileModTime:563988879
NameArray:0,Mac,18,Playfair Display Regular
NameArray:0,Mac,4,Playfair Display
NameArray:0,Win,1,Playfair Display
%EndFont

%BeginFont
Handler:DirectoryHandler
FontType:TrueType
FontName:FontAwesome
FamilyName:FontAwesome
StyleName:Regular
MenuName:FontAwesome
StyleBits:0
WeightClass:400
WidthClass:5
AngleClass:0
FullName:FontAwesome Regular
WritingScript:Roman
OutlineFileName:/Users/cessnara18/Documents/GitHub/Second-Level-pages/indesign files/18-854 About Us Second Level Page/Document fonts/fontawesome-webfont.ttf
DataFormat:sfntData
hasSVG:no
VariableFontType:NonVariableFont
FileLength:152796
FileModTime:563988879
NameArray:0,Win,1,FontAwesome
%EndFont

%BeginFont
Handler:DirectoryHandler
FontType:Type1
FontName:MuseoSlab-700
FamilyName:Museo Slab
StyleName:700
MenuName:Museo Slab 700
StyleBits:0
WeightClass:600
WidthClass:5
AngleClass:0
FullName:Museo Slab 700
WritingScript:Roman
OutlineFileName:/Users/cessnara18/Documents/GitHub/Second-Level-pages/indesign files/18-854 About Us Second Level Page/Document fonts/Museo_Slab_700.otf
DataFormat:sfntData
UsesStandardEncoding:yes
isCFF:yes
hasSVG:no
VariableFontType:NonVariableFont
FileLength:63120
FileModTime:563988879
NameArray:0,Mac,4,Museo Slab 700
NameArray:0,Win,1,Museo Slab 700
NameArray:0,Win,16,Museo Slab
%EndFont

%BeginFont
Handler:DirectoryHandler
FontType:TrueType
FontName:Quattrocento
FamilyName:Quattrocento
StyleName:Regular
MenuName:Quattrocento
StyleBits:0
WeightClass:400
WidthClass:5
AngleClass:0
FullName:Quattrocento
WritingScript:Roman
OutlineFileName:/Users/cessnara18/Documents/GitHub/Second-Level-pages/indesign files/18-854 About Us Second Level Page/Document fonts/Quattrocento-Regular.ttf
DataFormat:sfntData
hasSVG:no
VariableFontType:NonVariableFont
FileLength:158200
FileModTime:563988879
NameArray:0,Mac,18,Quattrocento
NameArray:0,Mac,4,Quattrocento
NameArray:0,Win,1,Quattrocento
%EndFont

